<?xml version="1.0" encoding="UTF-8"?>
<testng-results ignored="0" total="1" passed="1" failed="0" skipped="0">
  <reporter-output>
  </reporter-output>
  <suite started-at="2026-06-03T22:27:33 IST" name="Suite" finished-at="2026-06-03T22:27:49 IST" duration-ms="15768">
    <groups>
    </groups>
    <test started-at="2026-06-03T22:27:33 IST" name="Test" finished-at="2026-06-03T22:27:49 IST" duration-ms="15768">
      <class name="testpack.tes1">
        <test-method signature="loginchk()[pri:0, instance:testpack.tes1@2ef3eef9]" started-at="2026-06-03T22:27:33 IST" name="loginchk" finished-at="2026-06-03T22:27:49 IST" duration-ms="15623" status="PASS">
          <reporter-output>
          </reporter-output>
        </test-method> <!-- loginchk -->
      </class> <!-- testpack.tes1 -->
    </test> <!-- Test -->
  </suite> <!-- Suite -->
</testng-results>
