<?xml version="1.0" encoding="UTF-8"?>
<testng-results ignored="0" total="1" passed="1" failed="0" skipped="0">
  <reporter-output>
  </reporter-output>
  <suite started-at="2026-06-01T22:09:32 IST" name="Default suite" finished-at="2026-06-01T22:09:49 IST" duration-ms="17171">
    <groups>
    </groups>
    <test started-at="2026-06-01T22:09:32 IST" name="Default test" finished-at="2026-06-01T22:09:49 IST" duration-ms="17171">
      <class name="testpack.tes1">
        <test-method signature="loginchk()[pri:0, instance:testpack.tes1@2a65fe7c]" started-at="2026-06-01T22:09:32 IST" name="loginchk" finished-at="2026-06-01T22:09:49 IST" duration-ms="16997" status="PASS">
          <reporter-output>
          </reporter-output>
        </test-method> <!-- loginchk -->
      </class> <!-- testpack.tes1 -->
    </test> <!-- Default test -->
  </suite> <!-- Default suite -->
</testng-results>
